# JRE version: OpenJDK Runtime Environment Temurin-17.0.10+7 (17.0.10+7) (build 17.0.10+7)
# Java VM: OpenJDK 64-Bit Server VM Temurin-17.0.10+7 (17.0.10+7, mixed mode, tiered, compressed oops, compressed class ptrs, parallel gc, windows-amd64)
GC Precious Log:
 CPUs: 12 total, 12 available
 Memory: 7529M
 Large Page Support: Disabled
 NUMA Support: Disabled
 Compressed Oops: Enabled (32-bit)
 Alignments: Space 512K, Generation 512K, Heap 2M
 Heap Min Capacity: 100M
 Heap Initial Capacity: 100M
 Heap Max Capacity: 1G
 Pre-touch: Disabled
 Parallel Workers: 10
Heap:
 PSYoungGen      total 17408K, used 11746K [0x00000000eab00000, 0x00000000ebd80000, 0x0000000100000000)
  eden space 16896K, 67% used [0x00000000eab00000,0x00000000eb628898,0x00000000ebb80000)
  from space 512K, 62% used [0x00000000ebd00000,0x00000000ebd50000,0x00000000ebd80000)
  to   space 512K, 0% used [0x00000000ebc80000,0x00000000ebc80000,0x00000000ebd00000)
 ParOldGen       total 68608K, used 62897K [0x00000000c0000000, 0x00000000c4300000, 0x00000000eab00000)
  object space 68608K, 91% used [0x00000000c0000000,0x00000000c3d6c5f8,0x00000000c4300000)
 Metaspace       used 60354K, committed 61440K, reserved 1114112K
  class space    used 6522K, committed 6976K, reserved 1048576K
GC Heap History (20 events):
Event: 41.064 GC heap before
{Heap before GC invocations=74 (full 3):
 PSYoungGen      total 17408K, used 17376K [0x00000000eab00000, 0x00000000ebe00000, 0x0000000100000000)
  eden space 16896K, 100% used [0x00000000eab00000,0x00000000ebb80000,0x00000000ebb80000)
  from space 512K, 93% used [0x00000000ebd80000,0x00000000ebdf8000,0x00000000ebe00000)
  to   space 1024K, 0% used [0x00000000ebc00000,0x00000000ebc00000,0x00000000ebd00000)
 ParOldGen       total 68608K, used 60244K [0x00000000c0000000, 0x00000000c4300000, 0x00000000eab00000)
  object space 68608K, 87% used [0x00000000c0000000,0x00000000c3ad50b8,0x00000000c4300000)
 Metaspace       used 59693K, committed 60736K, reserved 1114112K
  class space    used 6449K, committed 6912K, reserved 1048576K
}
Event: 41.065 GC heap after
{Heap after GC invocations=74 (full 3):
 PSYoungGen      total 17920K, used 480K [0x00000000eab00000, 0x00000000ebe00000, 0x0000000100000000)
  eden space 16896K, 0% used [0x00000000eab00000,0x00000000eab00000,0x00000000ebb80000)
  from space 1024K, 46% used [0x00000000ebc00000,0x00000000ebc78000,0x00000000ebd00000)
  to   space 512K, 0% used [0x00000000ebd80000,0x00000000ebd80000,0x00000000ebe00000)
 ParOldGen       total 68608K, used 60644K [0x00000000c0000000, 0x00000000c4300000, 0x00000000eab00000)
  object space 68608K, 88% used [0x00000000c0000000,0x00000000c3b390b8,0x00000000c4300000)
 Metaspace       used 59693K, committed 60736K, reserved 1114112K
  class space    used 6449K, committed 6912K, reserved 1048576K
}
Event: 42.006 GC heap before
{Heap before GC invocations=75 (full 3):
 PSYoungGen      total 17920K, used 17376K [0x00000000eab00000, 0x00000000ebe00000, 0x0000000100000000)
  eden space 16896K, 100% used [0x00000000eab00000,0x00000000ebb80000,0x00000000ebb80000)
  from space 1024K, 46% used [0x00000000ebc00000,0x00000000ebc78000,0x00000000ebd00000)
  to   space 512K, 0% used [0x00000000ebd80000,0x00000000ebd80000,0x00000000ebe00000)
 ParOldGen       total 68608K, used 60644K [0x00000000c0000000, 0x00000000c4300000, 0x00000000eab00000)
  object space 68608K, 88% used [0x00000000c0000000,0x00000000c3b390b8,0x00000000c4300000)
 Metaspace       used 59693K, committed 60736K, reserved 1114112K
  class space    used 6449K, committed 6912K, reserved 1048576K
}
Event: 42.007 GC heap after
{Heap after GC invocations=75 (full 3):
 PSYoungGen      total 17408K, used 512K [0x00000000eab00000, 0x00000000ebe00000, 0x0000000100000000)
  eden space 16896K, 0% used [0x00000000eab00000,0x00000000eab00000,0x00000000ebb80000)
  from space 512K, 100% used [0x00000000ebd80000,0x00000000ebe00000,0x00000000ebe00000)
  to   space 1024K, 0% used [0x00000000ebc00000,0x00000000ebc00000,0x00000000ebd00000)
 ParOldGen       total 68608K, used 61028K [0x00000000c0000000, 0x00000000c4300000, 0x00000000eab00000)
  object space 68608K, 88% used [0x00000000c0000000,0x00000000c3b990b8,0x00000000c4300000)
 Metaspace       used 59693K, committed 60736K, reserved 1114112K
  class space    used 6449K, committed 6912K, reserved 1048576K
}
Event: 43.043 GC heap before
{Heap before GC invocations=76 (full 3):
 PSYoungGen      total 17408K, used 17408K [0x00000000eab00000, 0x00000000ebe00000, 0x0000000100000000)
  eden space 16896K, 100% used [0x00000000eab00000,0x00000000ebb80000,0x00000000ebb80000)
  from space 512K, 100% used [0x00000000ebd80000,0x00000000ebe00000,0x00000000ebe00000)
  to   space 1024K, 0% used [0x00000000ebc00000,0x00000000ebc00000,0x00000000ebd00000)
 ParOldGen       total 68608K, used 61028K [0x00000000c0000000, 0x00000000c4300000, 0x00000000eab00000)
  object space 68608K, 88% used [0x00000000c0000000,0x00000000c3b990b8,0x00000000c4300000)
 Metaspace       used 59693K, committed 60736K, reserved 1114112K
  class space    used 6449K, committed 6912K, reserved 1048576K
}
Event: 43.044 GC heap after
{Heap after GC invocations=76 (full 3):
 PSYoungGen      total 17920K, used 576K [0x00000000eab00000, 0x00000000ebe00000, 0x0000000100000000)
  eden space 16896K, 0% used [0x00000000eab00000,0x00000000eab00000,0x00000000ebb80000)
  from space 1024K, 56% used [0x00000000ebc00000,0x00000000ebc90000,0x00000000ebd00000)
  to   space 1024K, 0% used [0x00000000ebd00000,0x00000000ebd00000,0x00000000ebe00000)
 ParOldGen       total 68608K, used 61364K [0x00000000c0000000, 0x00000000c4300000, 0x00000000eab00000)
  object space 68608K, 89% used [0x00000000c0000000,0x00000000c3bed0b8,0x00000000c4300000)
 Metaspace       used 59693K, committed 60736K, reserved 1114112K
  class space    used 6449K, committed 6912K, reserved 1048576K
}
Event: 44.047 GC heap before
{Heap before GC invocations=77 (full 3):
 PSYoungGen      total 17920K, used 17472K [0x00000000eab00000, 0x00000000ebe00000, 0x0000000100000000)
  eden space 16896K, 100% used [0x00000000eab00000,0x00000000ebb80000,0x00000000ebb80000)
  from space 1024K, 56% used [0x00000000ebc00000,0x00000000ebc90000,0x00000000ebd00000)
  to   space 1024K, 0% used [0x00000000ebd00000,0x00000000ebd00000,0x00000000ebe00000)
 ParOldGen       total 68608K, used 61364K [0x00000000c0000000, 0x00000000c4300000, 0x00000000eab00000)
  object space 68608K, 89% used [0x00000000c0000000,0x00000000c3bed0b8,0x00000000c4300000)
 Metaspace       used 59693K, committed 60736K, reserved 1114112K
  class space    used 6449K, committed 6912K, reserved 1048576K
}
Event: 44.048 GC heap after
{Heap after GC invocations=77 (full 3):
 PSYoungGen      total 17408K, used 496K [0x00000000eab00000, 0x00000000ebd80000, 0x0000000100000000)
  eden space 16896K, 0% used [0x00000000eab00000,0x00000000eab00000,0x00000000ebb80000)
  from space 512K, 96% used [0x00000000ebd00000,0x00000000ebd7c120,0x00000000ebd80000)
  to   space 1024K, 0% used [0x00000000ebb80000,0x00000000ebb80000,0x00000000ebc80000)
 ParOldGen       total 68608K, used 61780K [0x00000000c0000000, 0x00000000c4300000, 0x00000000eab00000)
  object space 68608K, 90% used [0x00000000c0000000,0x00000000c3c550b8,0x00000000c4300000)
 Metaspace       used 59693K, committed 60736K, reserved 1114112K
  class space    used 6449K, committed 6912K, reserved 1048576K
}
Event: 44.959 GC heap before
{Heap before GC invocations=78 (full 3):
 PSYoungGen      total 17408K, used 17392K [0x00000000eab00000, 0x00000000ebd80000, 0x0000000100000000)
  eden space 16896K, 100% used [0x00000000eab00000,0x00000000ebb80000,0x00000000ebb80000)
  from space 512K, 96% used [0x00000000ebd00000,0x00000000ebd7c120,0x00000000ebd80000)
  to   space 1024K, 0% used [0x00000000ebb80000,0x00000000ebb80000,0x00000000ebc80000)
 ParOldGen       total 68608K, used 61780K [0x00000000c0000000, 0x00000000c4300000, 0x00000000eab00000)
  object space 68608K, 90% used [0x00000000c0000000,0x00000000c3c550b8,0x00000000c4300000)
 Metaspace       used 59693K, committed 60736K, reserved 1114112K
  class space    used 6449K, committed 6912K, reserved 1048576K
}
Event: 44.960 GC heap after
{Heap after GC invocations=78 (full 3):
 PSYoungGen      total 17920K, used 416K [0x00000000eab00000, 0x00000000ebd80000, 0x0000000100000000)
  eden space 16896K, 0% used [0x00000000eab00000,0x00000000eab00000,0x00000000ebb80000)
  from space 1024K, 40% used [0x00000000ebb80000,0x00000000ebbe8000,0x00000000ebc80000)
  to   space 512K, 0% used [0x00000000ebd00000,0x00000000ebd00000,0x00000000ebd80000)
 ParOldGen       total 68608K, used 62140K [0x00000000c0000000, 0x00000000c4300000, 0x00000000eab00000)
  object space 68608K, 90% used [0x00000000c0000000,0x00000000c3caf1d8,0x00000000c4300000)
 Metaspace       used 59693K, committed 60736K, reserved 1114112K
  class space    used 6449K, committed 6912K, reserved 1048576K
}
Event: 46.036 GC heap before
{Heap before GC invocations=79 (full 3):
 PSYoungGen      total 17920K, used 17312K [0x00000000eab00000, 0x00000000ebd80000, 0x0000000100000000)
  eden space 16896K, 100% used [0x00000000eab00000,0x00000000ebb80000,0x00000000ebb80000)
  from space 1024K, 40% used [0x00000000ebb80000,0x00000000ebbe8000,0x00000000ebc80000)
  to   space 512K, 0% used [0x00000000ebd00000,0x00000000ebd00000,0x00000000ebd80000)
 ParOldGen       total 68608K, used 62140K [0x00000000c0000000, 0x00000000c4300000, 0x00000000eab00000)
  object space 68608K, 90% used [0x00000000c0000000,0x00000000c3caf1d8,0x00000000c4300000)
 Metaspace       used 59693K, committed 60736K, reserved 1114112K
  class space    used 6449K, committed 6912K, reserved 1048576K
}
Event: 46.037 GC heap after
{Heap after GC invocations=79 (full 3):
 PSYoungGen      total 17408K, used 440K [0x00000000eab00000, 0x00000000ebd80000, 0x0000000100000000)
  eden space 16896K, 0% used [0x00000000eab00000,0x00000000eab00000,0x00000000ebb80000)
  from space 512K, 86% used [0x00000000ebd00000,0x00000000ebd6e1a8,0x00000000ebd80000)
  to   space 512K, 0% used [0x00000000ebc80000,0x00000000ebc80000,0x00000000ebd00000)
 ParOldGen       total 68608K, used 62468K [0x00000000c0000000, 0x00000000c4300000, 0x00000000eab00000)
  object space 68608K, 91% used [0x00000000c0000000,0x00000000c3d011d8,0x00000000c4300000)
 Metaspace       used 59693K, committed 60736K, reserved 1114112K
  class space    used 6449K, committed 6912K, reserved 1048576K
}
Event: 47.242 GC heap before
{Heap before GC invocations=80 (full 3):
 PSYoungGen      total 17408K, used 17336K [0x00000000eab00000, 0x00000000ebd80000, 0x0000000100000000)
  eden space 16896K, 100% used [0x00000000eab00000,0x00000000ebb80000,0x00000000ebb80000)
  from space 512K, 86% used [0x00000000ebd00000,0x00000000ebd6e1a8,0x00000000ebd80000)
  to   space 512K, 0% used [0x00000000ebc80000,0x00000000ebc80000,0x00000000ebd00000)
 ParOldGen       total 68608K, used 62468K [0x00000000c0000000, 0x00000000c4300000, 0x00000000eab00000)
  object space 68608K, 91% used [0x00000000c0000000,0x00000000c3d011d8,0x00000000c4300000)
 Metaspace       used 59693K, committed 60736K, reserved 1114112K
  class space    used 6449K, committed 6912K, reserved 1048576K
}
Event: 47.243 GC heap after
{Heap after GC invocations=80 (full 3):
 PSYoungGen      total 17408K, used 416K [0x00000000eab00000, 0x00000000ebd80000, 0x0000000100000000)
  eden space 16896K, 0% used [0x00000000eab00000,0x00000000eab00000,0x00000000ebb80000)
  from space 512K, 81% used [0x00000000ebc80000,0x00000000ebce8000,0x00000000ebd00000)
  to   space 512K, 0% used [0x00000000ebd00000,0x00000000ebd00000,0x00000000ebd80000)
 ParOldGen       total 68608K, used 62804K [0x00000000c0000000, 0x00000000c4300000, 0x00000000eab00000)
  object space 68608K, 91% used [0x00000000c0000000,0x00000000c3d55380,0x00000000c4300000)
 Metaspace       used 59693K, committed 60736K, reserved 1114112K
  class space    used 6449K, committed 6912K, reserved 1048576K
}
Event: 48.969 GC heap before
{Heap before GC invocations=81 (full 3):
 PSYoungGen      total 17408K, used 17312K [0x00000000eab00000, 0x00000000ebd80000, 0x0000000100000000)
  eden space 16896K, 100% used [0x00000000eab00000,0x00000000ebb80000,0x00000000ebb80000)
  from space 512K, 81% used [0x00000000ebc80000,0x00000000ebce8000,0x00000000ebd00000)
  to   space 512K, 0% used [0x00000000ebd00000,0x00000000ebd00000,0x00000000ebd80000)
 ParOldGen       total 68608K, used 62804K [0x00000000c0000000, 0x00000000c4300000, 0x00000000eab00000)
  object space 68608K, 91% used [0x00000000c0000000,0x00000000c3d55380,0x00000000c4300000)
 Metaspace       used 59693K, committed 60736K, reserved 1114112K
  class space    used 6449K, committed 6912K, reserved 1048576K
}
Event: 48.970 GC heap after
{Heap after GC invocations=81 (full 3):
 PSYoungGen      total 17408K, used 388K [0x00000000eab00000, 0x00000000ebd80000, 0x0000000100000000)
  eden space 16896K, 0% used [0x00000000eab00000,0x00000000eab00000,0x00000000ebb80000)
  from space 512K, 75% used [0x00000000ebd00000,0x00000000ebd61278,0x00000000ebd80000)
  to   space 512K, 0% used [0x00000000ebc80000,0x00000000ebc80000,0x00000000ebd00000)
 ParOldGen       total 68608K, used 62860K [0x00000000c0000000, 0x00000000c4300000, 0x00000000eab00000)
  object space 68608K, 91% used [0x00000000c0000000,0x00000000c3d63380,0x00000000c4300000)
 Metaspace       used 59693K, committed 60736K, reserved 1114112K
  class space    used 6449K, committed 6912K, reserved 1048576K
}
Event: 50.248 GC heap before
{Heap before GC invocations=82 (full 3):
 PSYoungGen      total 17408K, used 17284K [0x00000000eab00000, 0x00000000ebd80000, 0x0000000100000000)
  eden space 16896K, 100% used [0x00000000eab00000,0x00000000ebb80000,0x00000000ebb80000)
  from space 512K, 75% used [0x00000000ebd00000,0x00000000ebd61278,0x00000000ebd80000)
  to   space 512K, 0% used [0x00000000ebc80000,0x00000000ebc80000,0x00000000ebd00000)
 ParOldGen       total 68608K, used 62860K [0x00000000c0000000, 0x00000000c4300000, 0x00000000eab00000)
  object space 68608K, 91% used [0x00000000c0000000,0x00000000c3d63380,0x00000000c4300000)
 Metaspace       used 59693K, committed 60736K, reserved 1114112K
  class space    used 6449K, committed 6912K, reserved 1048576K
}
Event: 50.249 GC heap after
{Heap after GC invocations=82 (full 3):
 PSYoungGen      total 17408K, used 320K [0x00000000eab00000, 0x00000000ebd80000, 0x0000000100000000)
  eden space 16896K, 0% used [0x00000000eab00000,0x00000000eab00000,0x00000000ebb80000)
  from space 512K, 62% used [0x00000000ebc80000,0x00000000ebcd0000,0x00000000ebd00000)
  to   space 512K, 0% used [0x00000000ebd00000,0x00000000ebd00000,0x00000000ebd80000)
 ParOldGen       total 68608K, used 62897K [0x00000000c0000000, 0x00000000c4300000, 0x00000000eab00000)
  object space 68608K, 91% used [0x00000000c0000000,0x00000000c3d6c5f8,0x00000000c4300000)
 Metaspace       used 59693K, committed 60736K, reserved 1114112K
  class space    used 6449K, committed 6912K, reserved 1048576K
}
Event: 51.582 GC heap before
{Heap before GC invocations=83 (full 3):
 PSYoungGen      total 17408K, used 17216K [0x00000000eab00000, 0x00000000ebd80000, 0x0000000100000000)
  eden space 16896K, 100% used [0x00000000eab00000,0x00000000ebb80000,0x00000000ebb80000)
  from space 512K, 62% used [0x00000000ebc80000,0x00000000ebcd0000,0x00000000ebd00000)
  to   space 512K, 0% used [0x00000000ebd00000,0x00000000ebd00000,0x00000000ebd80000)
 ParOldGen       total 68608K, used 62897K [0x00000000c0000000, 0x00000000c4300000, 0x00000000eab00000)
  object space 68608K, 91% used [0x00000000c0000000,0x00000000c3d6c5f8,0x00000000c4300000)
 Metaspace       used 59693K, committed 60736K, reserved 1114112K
  class space    used 6449K, committed 6912K, reserved 1048576K
}
Event: 51.582 GC heap after
{Heap after GC invocations=83 (full 3):
 PSYoungGen      total 17408K, used 320K [0x00000000eab00000, 0x00000000ebd80000, 0x0000000100000000)
  eden space 16896K, 0% used [0x00000000eab00000,0x00000000eab00000,0x00000000ebb80000)
  from space 512K, 62% used [0x00000000ebd00000,0x00000000ebd50000,0x00000000ebd80000)
  to   space 512K, 0% used [0x00000000ebc80000,0x00000000ebc80000,0x00000000ebd00000)
 ParOldGen       total 68608K, used 62897K [0x00000000c0000000, 0x00000000c4300000, 0x00000000eab00000)
  object space 68608K, 91% used [0x00000000c0000000,0x00000000c3d6c5f8,0x00000000c4300000)
 Metaspace       used 59693K, committed 60736K, reserved 1114112K
  class space    used 6449K, committed 6912K, reserved 1048576K
}

